<?xml version="1.0" encoding="UTF-8"?>
<!-- Generated by org.testng.reporters.JUnitReportReporter -->
<testsuite hostname="LAPTOP-PM0UH2ND" failures="0" tests="1" name="Excel.Excel.retrivedatafromexcel" time="0.930" errors="0" timestamp="2021-09-12T13:42:34 IST" skipped="0">
  <testcase classname="Excel.Excel.retrivedatafromexcel" name="readexcel" time="0.930"/>
  <system-out/>
</testsuite> <!-- Excel.Excel.retrivedatafromexcel -->
