<?xml version="1.0" encoding="UTF-8"?>
<!-- Generated by org.testng.reporters.JUnitReportReporter -->
<testsuite hostname="LAPTOP-PM0UH2ND" failures="0" tests="3" name="writeexceltest.WriteExcelTest" time="1.297" errors="0" timestamp="2021-08-30T14:57:15 IST" skipped="0">
  <testcase classname="writeexceltest.WriteExcelTest" name="writeexceltest" time="1.132"/>
  <system-out/>
  <testcase classname="writeexceltest.WriteExcelTest" name="writeexceltest1" time="0.093"/>
  <system-out/>
  <testcase classname="writeexceltest.WriteExcelTest" name="writeexceltest2" time="0.072"/>
  <system-out/>
</testsuite> <!-- writeexceltest.WriteExcelTest -->
